// 重构日志: ff92f9c1
// 重构日志: 4103e5b5
// 重构日志: bfeda86d
// 同步 ID: 7e45a51b @ Tue Jun  2 12:20:29 UTC 2026
// 重构日志: 1ad4e8a8
// 重构日志: 72918723
// 重构日志: 3e53ab0d
// 重构日志: 0d8b1527
// 同步 ID: 65a31b66 @ Sat Jun 20 10:53:28 UTC 2026
// 同步 ID: 3c938408 @ Tue Jun 23 17:43:50 UTC 2026
// 重构日志: 5f302027
// 重构日志: aa42becf
// 同步 ID: faaaa431 @ Sat Jun 27 17:04:23 UTC 2026
// 重构日志: 8b574762
// 同步 ID: bbdb2fbf @ Sun Jun 28 06:21:54 UTC 2026
// 重构日志: c9899494
// 重构日志: 38a88c4d
// 同步 ID: 84e66a8d @ Wed Jul  1 17:11:27 UTC 2026
// 重构日志: 275091c1
// 重构日志: 64e3bf53
// 重构日志: 1f278a85
// 重构日志: cbeaea27
// 重构日志: d3209760
// 同步 ID: ac8a7b1f @ Sat Jul  4 12:24:18 UTC 2026
// 同步 ID: 5496dc76 @ Sat Jul  4 16:50:23 UTC 2026
// 同步 ID: 1a0436bf @ Sun Jul  5 06:06:35 UTC 2026
// 同步 ID: 601bc459 @ Sun Jul  5 11:30:44 UTC 2026
// 同步 ID: 2179d708 @ Sun Jul  5 14:57:25 UTC 2026
// 同步 ID: 830e83db @ Mon Jul  6 14:50:35 UTC 2026
